Warning[205] C:\USERS\TINCHO\GOOGLE DRIVE\DIGITAL 2\PROY\SOFT\PROG.ASM 1 : Found directive in column 1. (list)
Warning[205] C:\USERS\TINCHO\GOOGLE DRIVE\DIGITAL 2\PROY\SOFT\PROG.ASM 3 : Found directive in column 1. (INCLUDE)
Warning[205] C:\USERS\TINCHO\GOOGLE DRIVE\DIGITAL 2\PROY\SOFT\PROG.ASM 39 : Found directive in column 1. (ORG)
Warning[205] C:\USERS\TINCHO\GOOGLE DRIVE\DIGITAL 2\PROY\SOFT\PROG.ASM 41 : Found directive in column 1. (ORG)
Warning[205] C:\USERS\TINCHO\GOOGLE DRIVE\DIGITAL 2\PROY\SOFT\PROG.ASM 44 : Found directive in column 1. (ORG)
Warning[207] C:\USERS\TINCHO\GOOGLE DRIVE\DIGITAL 2\PROY\SOFT\PROG.ASM 45 : Found label after column 1. (INICIO)
Message[302] C:\USERS\TINCHO\GOOGLE DRIVE\DIGITAL 2\PROY\SOFT\PROG.ASM 49 : Register in operand not in bank 0.  Ensure that bank bits are correct.
Message[302] C:\USERS\TINCHO\GOOGLE DRIVE\DIGITAL 2\PROY\SOFT\PROG.ASM 51 : Register in operand not in bank 0.  Ensure that bank bits are correct.
Message[302] C:\USERS\TINCHO\GOOGLE DRIVE\DIGITAL 2\PROY\SOFT\PROG.ASM 52 : Register in operand not in bank 0.  Ensure that bank bits are correct.
Message[302] C:\USERS\TINCHO\GOOGLE DRIVE\DIGITAL 2\PROY\SOFT\PROG.ASM 54 : Register in operand not in bank 0.  Ensure that bank bits are correct.
Message[302] C:\USERS\TINCHO\GOOGLE DRIVE\DIGITAL 2\PROY\SOFT\PROG.ASM 56 : Register in operand not in bank 0.  Ensure that bank bits are correct.
Warning[207] C:\USERS\TINCHO\GOOGLE DRIVE\DIGITAL 2\PROY\SOFT\PROG.ASM 66 : Found label after column 1. (MAIN)
Warning[207] C:\USERS\TINCHO\GOOGLE DRIVE\DIGITAL 2\PROY\SOFT\PROG.ASM 93 : Found label after column 1. (A)
Message[305] C:\USERS\TINCHO\GOOGLE DRIVE\DIGITAL 2\PROY\SOFT\PROG.ASM 133 : Using default destination of 1 (file).
Message[305] C:\USERS\TINCHO\GOOGLE DRIVE\DIGITAL 2\PROY\SOFT\PROG.ASM 135 : Using default destination of 1 (file).
Warning[207] C:\USERS\TINCHO\GOOGLE DRIVE\DIGITAL 2\PROY\SOFT\PROG.ASM 174 : Found label after column 1. (SIG)
Warning[207] C:\USERS\TINCHO\GOOGLE DRIVE\DIGITAL 2\PROY\SOFT\PROG.ASM 179 : Found label after column 1. (NO_MUESTRA_CENTENA)
Warning[207] C:\USERS\TINCHO\GOOGLE DRIVE\DIGITAL 2\PROY\SOFT\PROG.ASM 198 : Found label after column 1. (MUESTRA_CENTENA)
Warning[207] C:\USERS\TINCHO\GOOGLE DRIVE\DIGITAL 2\PROY\SOFT\PROG.ASM 217 : Found label after column 1. (IMPR)
Warning[207] C:\USERS\TINCHO\GOOGLE DRIVE\DIGITAL 2\PROY\SOFT\PROG.ASM 221 : Found label after column 1. (DIS3)
Warning[207] C:\USERS\TINCHO\GOOGLE DRIVE\DIGITAL 2\PROY\SOFT\PROG.ASM 227 : Found label after column 1. (DIS2)
Warning[207] C:\USERS\TINCHO\GOOGLE DRIVE\DIGITAL 2\PROY\SOFT\PROG.ASM 233 : Found label after column 1. (DIS1)
Warning[207] C:\USERS\TINCHO\GOOGLE DRIVE\DIGITAL 2\PROY\SOFT\PROG.ASM 239 : Found label after column 1. (DIS0)
Warning[207] C:\USERS\TINCHO\GOOGLE DRIVE\DIGITAL 2\PROY\SOFT\PROG.ASM 245 : Found label after column 1. (RET)
Warning[205] C:\USERS\TINCHO\GOOGLE DRIVE\DIGITAL 2\PROY\SOFT\PROG.ASM 266 : Found directive in column 1. (END)
