MPASM 5.73                          PROG.ASM   5-23-2017  23:37:01         PAGE  1


LOC  OBJECT CODE     LINE SOURCE TEXT
  VALUE

Warning[205]: Found directive in column 1. (list)
                      00001 list p=16f877a
                      00002 ;;; Configuración
                      00003 ;;;  Oscilador: cristal de cuarzo
                      00004 ;;;  WatchDogTimer: apagado
                      00005 ;;;  CodeProtection: desactivado
                      00006 ;;;  PoWeR up Timer activado
Warning[205]: Found directive in column 1. (__CONFIG)
2007   3FF1           00007 __CONFIG _XT_OSC & _WDT_OFF & _CP_OFF & _PWRTE_ON
Warning[205]: Found directive in column 1. (INCLUDE)
                      00008 INCLUDE <P16F877A.INC>
                      00001         LIST
                      00002 
                      00003 ;==========================================================================
                      00004 ; Build date : Mar 21 2017
                      00005 ;  MPASM PIC16F877A processor include
                      00006 ; 
                      00007 ;  (c) Copyright 1999-2017 Microchip Technology, All rights reserved
                      00008 ;==========================================================================
                      00009 
                      00567         LIST
                      00009 
  00000021            00010 Time0 EQU 0X21 ;valores de tiempo 0-9/centesimas de segundo
  00000022            00011 Time1 EQU 0X22 ;decimas de segundos
  00000023            00012 Time2 EQU 0X23 ;segundos
  00000024            00013 Time3 EQU 0X24 ;decenas de segundo
  00000025            00014 Time4 EQU 0x25 ;centenas de segundo 
  00000026            00015 TimeAux EQU 0x26
                      00016 
  00000027            00017 Disp0 EQU 0X27 ; valores de los displays
  00000028            00018 Disp1 EQU 0x28
  00000029            00019 Disp2 EQU 0x29
  0000002A            00020 Disp3 EQU 0x2A
  00000005            00021 MULT_PORT equ PORTA ;puerto de multiplexado
  0000002B            00022 Disp_Aux equ 0x2B
                      00023 
                      00024 
  00000030            00025 W_TMP EQU 0X30
  00000031            00026 S_TMP EQU 0X31
  00000032            00027 cont_flag equ 0x32 ; es una bandera que ademas cuenta el tiempo de retencion de muestra del intervalo re
                            cibido desde la pc
                      00028 
                      00029 
Warning[205]: Found directive in column 1. (ORG)
                      00030 ORG 00
0000   2???           00031         GOTO INICIO
Warning[205]: Found directive in column 1. (ORG)
                      00032 ORG 04
0004   2???           00033         GOTO INTERRUPT
                      00034         
Warning[205]: Found directive in column 1. (ORG)
                      00035 ORG 06
Warning[207]: Found label after column 1. (INICIO)
MPASM 5.73                          PROG.ASM   5-23-2017  23:37:01         PAGE  2


LOC  OBJECT CODE     LINE SOURCE TEXT
  VALUE

0006                  00036         INICIO ; CONFIGURACOINES
0006   1683           00037                 BSF STATUS,RP0;BANCO1
0007   1303           00038                 BCF STATUS,RP1
0008   3006           00039                 MOVLW 0x06 ; Configure all pins
Message[302]: Register in operand not in bank 0.  Ensure that bank bits are correct.
0009   009F           00040                 MOVWF ADCON1
                      00041                 
Message[302]: Register in operand not in bank 0.  Ensure that bank bits are correct.
000A   0185           00042                 CLRF TRISA ; CONFIGURACION DE PUERTOS
Message[302]: Register in operand not in bank 0.  Ensure that bank bits are correct.
000B   0188           00043                 CLRF TRISD
000C   3001           00044                 MOVLW 0X01
Message[302]: Register in operand not in bank 0.  Ensure that bank bits are correct.
000D   0086           00045                 MOVWF TRISB
000E   3080           00046                 MOVLW 0X80
Message[302]: Register in operand not in bank 0.  Ensure that bank bits are correct.
000F   0087           00047                 MOVWF TRISC
                      00048                 
Message[302]: Register in operand not in bank 0.  Ensure that bank bits are correct.
0010   140C           00049                 BSF PIE1,TMR1IE; HABILITO INTERRUPCION POR TIMER1
                      00050                 
0011   1283           00051                 BCF STATUS,RP0; BANCO 0
                      00052                 
0012   170B           00053                 BSF INTCON,PEIE ; HABILITO LAS INTERRUPCIONES POR PERIFERICOS
                      00054                 
0013   160B           00055                 BSF INTCON,INTE
0014   3000           00056                 MOVLW 0x00; PRESCALER 1:1 , CON SYNC , CLOCK INTERNO, TMR1ON = 0
0015   0090           00057                 MOVWF T1CON;
                      00058                 
                      00059 ;;;;;;;;; CONFIGURO LOS PARAMETROS DE TRANSMICION;;;;;;;;;;;;;;;;;;;;;;;;;;;;;;;
0016   1683           00060                 BSF STATUS,RP0;BANCO1
0017   1303           00061                 BCF STATUS,RP1
                      00062                 
0018   3019           00063                 movlw D'25' ;9600 baud CRISTAL DE 4MHZ
Message[302]: Register in operand not in bank 0.  Ensure that bank bits are correct.
0019   0099           00064                 movwf SPBRG
                      00065                 
Message[302]: Register in operand not in bank 0.  Ensure that bank bits are correct.
001A   1398           00066                 bcf TXSTA,CSRC ;7(ignorado por estar en modo asincrono)
Message[302]: Register in operand not in bank 0.  Ensure that bank bits are correct.
001B   1318           00067                 bcf TXSTA,TX9 ;6 transmicion de 8 bits
Message[302]: Register in operand not in bank 0.  Ensure that bank bits are correct.
001C   1698           00068                 bsf TXSTA,TXEN;5 transmicion habilitada
Message[302]: Register in operand not in bank 0.  Ensure that bank bits are correct.
001D   1218           00069                 bcf TXSTA,SYNC;4 modo asincrono
                      00070                                           ;bit 3 no implementado
Message[302]: Register in operand not in bank 0.  Ensure that bank bits are correct.
001E   1518           00071                 bsf TXSTA,BRGH;2 high speed baudrate
                      00072                 
Message[302]: Register in operand not in bank 0.  Ensure that bank bits are correct.
001F   168C           00073                 bsf PIE1,RCIE
0020   1283           00074                 BCF STATUS,RP0; BANCO 0
                      00075                 
MPASM 5.73                          PROG.ASM   5-23-2017  23:37:01         PAGE  3


LOC  OBJECT CODE     LINE SOURCE TEXT
  VALUE

0021   1798           00076                 bsf RCSTA,SPEN;7 serial port habilitado
0022   1318           00077                 bcf RCSTA,RX9;6 se reciben 8 bits
                      00078                                           ;bit 5 ignorado en modo asincrono
0023   1618           00079                 bsf RCSTA,CREN ;4 activa la recepcion continua
0024   1598           00080                 bsf RCSTA,ADDEN ;3 activo la interrupcion por recepcion
0025   1118           00081                 bcf RCSTA,FERR; 2 no framming error
0026   1098           00082                 bcf RCSTA,OERR;1 no overrun error
                      00083 ;;;;;;;;;;;;;;;;;;;;;;;;;;;;;;;;;;;;;;;;;;;;;;;;;;;;;;;;;;;;;;          
Warning[207]: Found label after column 1. (MAIN)
0027                  00084         MAIN ;INICIALIZO LAS VARIABLES
0027   01A1           00085                 CLRF Time0
0028   01A2           00086                 CLRF Time1
0029   01A3           00087                 CLRF Time2
002A   01A4           00088                 CLRF Time3
002B   01A5           00089                 CLRF Time4
002C   01A6           00090                 CLRF TimeAux
002D   01B2           00091                 CLRF cont_flag
002E   01AB           00092                 CLRF Disp_Aux
                      00093                 
002F   30FF           00094                 MOVLW 0XFF
0030   0085           00095                 MOVWF MULT_PORT
0031   0088           00096                 MOVWF PORTD
                      00097                 
0032   0103           00098                 CLRW
0033   2???           00099                 CALL TABLA
0034   00A7           00100                 MOVWF Disp0
0035   00A8           00101                 MOVWF Disp1
0036   00A9           00102                 MOVWF Disp2
0037   00AA           00103                 MOVWF Disp3
                      00104                 
                      00105                                                 ;El timer 1 debe interrumpir cada 5ms, PRECARGA= EC77
0038   1010           00106                 BCF T1CON,TMR1ON                                
0039   30EC           00107                 MOVLW 0XEC
003A   008F           00108                 MOVWF TMR1H
003B   3077           00109                 MOVLW 0X77
003C   008E           00110                 MOVWF TMR1L
                      00111                 
                      00112                 
                      00113                 ;btfsc PORTB,0
                      00114                 ;goto $-1
                      00115                 
003D   1410           00116                 BSF T1CON,TMR1ON                
003E   178B           00117                 BSF INTCON,GIE
                      00118                 
003F   0000           00119                 NOP
0040   2???           00120                 GOTO $-1
                      00121                 
                      00122                         
                      00123                         
0041                  00124 INTERRUPT ;SALVO LOS REGISTROS
0041   00B0           00125                 MOVWF W_TMP
0042   0E03           00126                 SWAPF STATUS,W
0043   1283           00127                 BCF STATUS,RP0
MPASM 5.73                          PROG.ASM   5-23-2017  23:37:01         PAGE  4


LOC  OBJECT CODE     LINE SOURCE TEXT
  VALUE

0044   1303           00128                 BCF STATUS,RP1
0045   00B1           00129                 MOVWF S_TMP
                      00130                 
                      00131                 ;VERIFICO LOS FLAGS
0046   188B           00132                 BTFSC INTCON,INTF
0047   2???           00133                 GOTO INT_EXT
0048   180C           00134                 BTFSC PIR1,TMR1IF
0049   2???           00135                 GOTO INT_TMR
004A   1A8C           00136                 BTFSC PIR1,RCIF
004B   2???           00137                 GOTO INT_RC232
                      00138                 ;SI FUE UN FALSO DISPARO RECUPERO LOS REG Y RETORNO 
004C   0831           00139                 MOVF S_TMP,W
004D   0083           00140                 MOVWF STATUS
004E   0EB0           00141                 SWAPF W_TMP,F
004F   0E30           00142                 SWAPF W_TMP,W
0050   0009           00143                 RETFIE
                      00144                 
                      00145                 
                      00146                 
0051                  00147 INT_EXT
0051   120C           00148                 BCF PIR1,TXIF
0052   0825           00149                 MOVF Time4,W ; ENVIO LOS VALORES DE TIEMPO
                      00150                 ;IORLW 0X30 ; CODIFICO EN ASCII
0053   0099           00151                 MOVWF TXREG
0054   1E0C           00152                 BTFSS PIR1,TXIF ; SI EL BUFFER DE ENVIO ESTA VACIO ENVIO EL PROXIMO
0055   2???           00153                 GOTO $-1
                      00154                 
0056   120C           00155                 BCF PIR1,TXIF
0057   0824           00156                 MOVF Time3,W ; ENVIO LOS VALORES DE TIEMPO
                      00157                 ;IORLW 0X30 ; CODIFICO EN ASCII
0058   0099           00158                 MOVWF TXREG
0059   1E0C           00159                 BTFSS PIR1,TXIF ; SI EL BUFFER DE ENVIO ESTA VACIO ENVIO EL PROXIMO
005A   2???           00160                 GOTO $-1
                      00161                 
005B   120C           00162                 BCF PIR1,TXIF
005C   0823           00163                 MOVF Time2,W ; ENVIO LOS VALORES DE TIEMPO
                      00164                 ;IORLW 0X30 ; CODIFICO EN ASCII
005D   0099           00165                 MOVWF TXREG
005E   1E0C           00166                 BTFSS PIR1,TXIF ; SI EL BUFFER DE ENVIO ESTA VACIO ENVIO EL PROXIMO
005F   2???           00167                 GOTO $-1
                      00168                 
0060   120C           00169                 BCF PIR1,TXIF
0061   0822           00170                 MOVF Time1,W ; ENVIO LOS VALORES DE TIEMPO
                      00171                 ;IORLW 0X30 ; CODIFICO EN ASCII
0062   0099           00172                 MOVWF TXREG
0063   1E0C           00173                 BTFSS PIR1,TXIF ; SI EL BUFFER DE ENVIO ESTA VACIO ENVIO EL PROXIMO
0064   2???           00174                 GOTO $-1
                      00175                 
0065   0821           00176                 MOVF Time0,W ; ENVIO LOS VALORES DE TIEMPO
                      00177                 ;IORLW 0X30 ; CODIFICO EN ASCII
0066   0099           00178                 MOVWF TXREG
                      00179                 
                      00180                 
MPASM 5.73                          PROG.ASM   5-23-2017  23:37:01         PAGE  5


LOC  OBJECT CODE     LINE SOURCE TEXT
  VALUE

0067   108B           00181                 BCF INTCON,INTF;BAJO LA BANDERA Y RECUPERACOIN DE REGISTROS
0068   0E31           00182                 SWAPF S_TMP,W
0069   0083           00183                 MOVWF STATUS
006A   0EB0           00184                 SWAPF W_TMP,F
006B   0E30           00185                 SWAPF W_TMP,W
006C   0009           00186                 RETFIE
                      00187                 
                      00188 
006D                  00189 INT_TMR 
006D   100C           00190                 BCF PIR1,TMR1IF;BAJO LA BANDERA  
                      00191                 
006E   1010           00192                 BCF T1CON,TMR1ON        ; precarga de timer                     
006F   30EC           00193                 MOVLW 0XEC
Message[305]: Using default destination of 1 (file).
0070   078F           00194                 ADDWF TMR1H ; uso add para mas precicion
0071   3077           00195                 MOVLW 0X77
Message[305]: Using default destination of 1 (file).
0072   078E           00196                 ADDWF TMR1L
0073   1410           00197                 BSF T1CON,TMR1ON
                      00198                 
0074   0AA6           00199                 INCF  TimeAux,F ;incremento la cuenta de tiempo
0075   0826           00200                 MOVF  TimeAux,W
0076   3A02           00201                 XORLW 0x02
0077   1D03           00202                 BTFSS STATUS,Z
0078   2???           00203                 GOTO SIG                ; SI NO ES NECESARIO ACTUALIZAR LOS OTROS CONTADORES PASA DIRECG
                            TO AL SIGUIENTE PASO
0079   01A6           00204                 CLRF TimeAux            
                      00205                 
007A   0AA1           00206                 INCF  Time0,F ; si el aux es 2 incremento las centesimas de segundo
007B   0821           00207                 MOVF  Time0,W
007C   3A0A           00208                 XORLW 0x0A
007D   1D03           00209                 BTFSS STATUS,Z
007E   2???           00210                 GOTO SIG
007F   01A1           00211                 CLRF Time0
                      00212                 
0080   0AA2           00213                 INCF  Time1,F ; si es necesario incremento las decimas de segundo
0081   0822           00214                 MOVF  Time1,W
0082   3A0A           00215                 XORLW 0x0A
0083   1D03           00216                 BTFSS STATUS,Z
0084   2???           00217                 GOTO SIG
0085   01A2           00218                 CLRF Time1
                      00219                 
0086   0AA3           00220                 INCF  Time2,F; si es necesario incremento los segundos
0087   0823           00221                 MOVF  Time2,W
0088   3A0A           00222                 XORLW 0x0A
0089   1D03           00223                 BTFSS STATUS,Z
008A   2???           00224                 GOTO SIG
008B   01A3           00225                 CLRF Time2
                      00226                 
008C   0AA4           00227                 INCF  Time3,F; si es necesario incremento las decenas de segundo
008D   0824           00228                 MOVF  Time3,W
008E   3A0A           00229                 XORLW 0x0A
008F   1D03           00230                 BTFSS STATUS,Z
MPASM 5.73                          PROG.ASM   5-23-2017  23:37:01         PAGE  6


LOC  OBJECT CODE     LINE SOURCE TEXT
  VALUE

0090   2???           00231                 GOTO SIG
0091   01A4           00232                 CLRF Time3
                      00233                 
                      00234                 ; carga de datos de displays
Warning[207]: Found label after column 1. (SIG)
0092                  00235         SIG     
0092   08B2           00236                 MOVF cont_flag,f ; SI LOS VALORES DE LOS DISPLAYS ESTAN BAJO RETENCION PARA MOSTRAR EL I
                            NTERVALO NO SE DEBEN ACTUALIZAR
0093   1903           00237                 BTFSC STATUS,Z ; CUNADO EL FLAG ESTA EN CERO NO HAY RETENCION. TAMBIEN HACE LA CUENTA DE
                             LA RETENCION
0094   2???           00238                 GOTO  ACTUALIZAR
Message[305]: Using default destination of 1 (file).
0095   0AB2           00239                 INCF  cont_flag ; incremente el contador de tiempo de retencion
0096   2???           00240                 goto  IMPR
Warning[207]: Found label after column 1. (ACTUALIZAR)
0097                  00241         ACTUALIZAR      
0097   08A5           00242                 MOVF Time4,F ; si las centenas son cero no se muestran en los displays
0098   1D03           00243                 BTFSS STATUS,Z
0099   2???           00244                 GOTO  MUESTRA_CENTENA
                      00245                 
Warning[207]: Found label after column 1. (NO_MUESTRA_CENTENA)
009A                  00246         NO_MUESTRA_CENTENA ; carga los valores de los displays para luego imprimir
009A   0821           00247                 MOVF Time0,W
009B   2???           00248                 CALL TABLA
009C   00A7           00249                 MOVWF Disp0
                      00250                 
009D   0822           00251                 MOVF Time1,W
009E   2???           00252                 CALL TABLA
009F   00A8           00253                 MOVWF Disp1
                      00254                 
00A0   0823           00255                 MOVF Time2,W
00A1   2???           00256                 CALL TABLA
00A2   00A9           00257                 MOVWF Disp2
00A3   17A9           00258                 BSF Disp2 , 7 ; agrego el punto decimal luego de los segundos
                      00259                 
00A4   0824           00260                 MOVF Time3,W
00A5   2???           00261                 CALL TABLA
00A6   00AA           00262                 MOVWF Disp3
00A7   2???           00263                 GOTO IMPR
                      00264                 
Warning[207]: Found label after column 1. (MUESTRA_CENTENA)
00A8                  00265         MUESTRA_CENTENA
00A8   0822           00266                 MOVF Time1,W
00A9   2???           00267                 CALL TABLA
00AA   00A7           00268                 MOVWF Disp0
                      00269                 
00AB   0823           00270                 MOVF Time2,W
00AC   2???           00271                 CALL TABLA
00AD   00A8           00272                 MOVWF Disp1
00AE   17A8           00273                 BSF Disp1 , 7 ; agrego el punto decimal luego de los segundos
                      00274                 
00AF   0824           00275                 MOVF Time3,W
00B0   2???           00276                 CALL TABLA
MPASM 5.73                          PROG.ASM   5-23-2017  23:37:01         PAGE  7


LOC  OBJECT CODE     LINE SOURCE TEXT
  VALUE

00B1   00A9           00277                 MOVWF Disp2
                      00278                 
00B2   0825           00279                 MOVF Time4,W
00B3   2???           00280                 CALL TABLA
00B4   00AA           00281                 MOVWF Disp3
00B5   2???           00282                 GOTO IMPR
                      00283                 ;IMPRESION CON MULTIPLEXADO EN LOS DISPLAYS
                      00284                 
                      00285                 
                      00286                 
Warning[207]: Found label after column 1. (IMPR)
00B6                  00287         IMPR    
00B6   30FF           00288                 MOVLW 0XFF
00B7   0088           00289                 MOVWF PORTD ; 
00B8   082B           00290                 MOVF Disp_Aux,W
00B9   0782           00291                 ADDWF PCL,F
00BA   2???           00292                 GOTO DIS3
00BB   2???           00293                 GOTO DIS2
00BC   2???           00294                 GOTO DIS1
00BD   2???           00295                 GOTO DIS0
                      00296                 
Warning[207]: Found label after column 1. (DIS3)
00BE                  00297         DIS3
00BE   30F7           00298                 MOVLW B'11110111'
00BF   0085           00299                 MOVWF MULT_PORT
00C0   082A           00300                 MOVF Disp3,W
00C1   0088           00301                 MOVWF PORTD
00C2   0AAB           00302                 INCF Disp_Aux,F
00C3   2???           00303                 GOTO RET ; PASO AL RETORNO DE INTERRUPCION
Warning[207]: Found label after column 1. (DIS2)
00C4                  00304         DIS2    
00C4   30FB           00305                 MOVLW B'11111011'
00C5   0085           00306                 MOVWF MULT_PORT
00C6   0829           00307                 MOVF Disp2,W
00C7   0088           00308                 MOVWF PORTD
00C8   0AAB           00309                 INCF Disp_Aux,F
00C9   2???           00310                 GOTO RET ; PASO AL RETORNO DE INTERRUPCION
Warning[207]: Found label after column 1. (DIS1)
00CA                  00311         DIS1
00CA   30FD           00312                 MOVLW B'11111101'
00CB   0085           00313                 MOVWF MULT_PORT
00CC   0828           00314                 MOVF Disp1,W
00CD   0088           00315                 MOVWF PORTD
00CE   0AAB           00316                 INCF Disp_Aux,F
00CF   2???           00317                 GOTO RET ; PASO AL RETORNO DE INTERRUPCION
                      00318                 
Warning[207]: Found label after column 1. (DIS0)
00D0                  00319         DIS0    
00D0   30F7           00320                 MOVLW B'11110111'
00D1   0085           00321                 MOVWF MULT_PORT
00D2   1405           00322                 BSF PORTA,0
00D3   0827           00323                 MOVF Disp0,W
00D4   01AB           00324                 CLRF Disp_Aux
MPASM 5.73                          PROG.ASM   5-23-2017  23:37:01         PAGE  8


LOC  OBJECT CODE     LINE SOURCE TEXT
  VALUE

00D5   0088           00325                 MOVWF PORTD
00D6   2???           00326                 goto RET
                      00327                 
Warning[207]: Found label after column 1. (RET)
00D7                  00328         RET
                      00329                 ;RECUPERACOIN DE REGISTROS
00D7   0E31           00330                 SWAPF S_TMP,W
00D8   0083           00331                 MOVWF STATUS
00D9   0EB0           00332                 SWAPF W_TMP,F
00DA   0E30           00333                 SWAPF W_TMP,W
00DB   0009           00334                 RETFIE
                      00335                 
                      00336                 
00DC                  00337 TABLA
00DC   0782           00338                 ADDWF PCL,F
00DD   34C0           00339                 RETLW 0xC0 ;0
00DE   34F9           00340                 RETLW 0xF9 ;1
00DF   34A4           00341                 RETLW 0xA4 ;2
00E0   34B0           00342                 RETLW 0xB0 ;3
00E1   3499           00343                 RETLW 0x99 ;4
00E2   3492           00344                 RETLW 0x92 ;5
00E3   3482           00345                 RETLW 0x82 ;6
00E4   34F8           00346                 RETLW 0xF8 ;7
00E5   3480           00347                 RETLW 0x80 ;8
00E6   3490           00348                 RETLW 0x90 ;9
                      00349         
                      00350         
00E7                  00351 INT_RC232
00E7   128C           00352                 BCF PIR1,RCIF
00E8   081A           00353                 MOVF RCREG,W ; RECIBO LOS VALORES DE TIEMPO
00E9   390F           00354                 ANDLW 0X0F ; CONVERSION ASCII -> DECIMAL
00EA   2???           00355                 CALL TABLA
00EB   00AA           00356                 MOVWF Disp3     
                      00357                 
00EC   1E8C           00358                 BTFSS PIR1,RCIF ; Cuando llegue el proximo digito lo recibo
00ED   2???           00359                 GOTO $-1
                      00360                 
00EE   128C           00361                 BCF PIR1,RCIF
00EF   081A           00362                 MOVF RCREG,W ; RECIBO LOS VALORES DE TIEMPO
00F0   390F           00363                 ANDLW 0X0F ; CONVERSION ASCII -> DECIMAL
00F1   2???           00364                 CALL TABLA
00F2   00A9           00365                 MOVWF Disp2
00F3   17A9           00366                 BSF Disp2,7 ; agrego el punto decimal
                      00367                 
00F4   1E8C           00368                 BTFSS PIR1,RCIF ; Cuando llegue el proximo digito lo recibo
00F5   2???           00369                 GOTO $-1
                      00370                 
00F6   128C           00371                 BCF PIR1,RCIF
00F7   081A           00372                 MOVF RCREG,W ; RECIBO LOS VALORES DE TIEMPO
00F8   390F           00373                 ANDLW 0X0F ; CONVERSION ASCII -> DECIMAL
00F9   2???           00374                 CALL TABLA
00FA   00A8           00375                 MOVWF Disp1     
                      00376                 
MPASM 5.73                          PROG.ASM   5-23-2017  23:37:01         PAGE  9


LOC  OBJECT CODE     LINE SOURCE TEXT
  VALUE

00FB   1E8C           00377                 BTFSS PIR1,RCIF ; Cuando llegue el proximo digito lo recibo
00FC   2???           00378                 GOTO $-1
                      00379                 
00FD   128C           00380                 BCF PIR1,RCIF
00FE   081A           00381                 MOVF RCREG,W ; RECIBO LOS VALORES DE TIEMPO
00FF   390F           00382                 ANDLW 0X0F ; CONVERSION ASCII -> DECIMAL
0100   2???           00383                 CALL TABLA
0101   00A7           00384                 MOVWF Disp0     
                      00385                 
0102   3001           00386                 MOVLW 0X01
0103   00B2           00387                 MOVWF cont_flag ; seteo la bandera de tiempo
                      00388                 
                      00389                 
0104   108B           00390                 BCF INTCON,INTF;BAJO LA BANDERA Y RECUPERACOIN DE REGISTROS
0105   0E31           00391                 SWAPF S_TMP,W
0106   0083           00392                 MOVWF STATUS
0107   0EB0           00393                 SWAPF W_TMP,F
0108   0E30           00394                 SWAPF W_TMP,W
0109   0009           00395                 RETFIE
                      00396         
                      00397         
                      00398         
Warning[205]: Found directive in column 1. (END)
3FF1                  00399 END
MPASM 5.73                          PROG.ASM   5-23-2017  23:37:01         PAGE 10


SYMBOL TABLE
  LABEL                             VALUE 

ACKDT                             00000005
ACKEN                             00000004
ACKSTAT                           00000006
ACTUALIZAR                        00000097
ADCON0                            0000001F
ADCON1                            0000009F
ADCS0                             00000006
ADCS1                             00000007
ADCS2                             00000006
ADDEN                             00000003
ADFM                              00000007
ADIE                              00000006
ADIF                              00000006
ADON                              00000000
ADRESH                            0000001E
ADRESL                            0000009E
BCLIE                             00000003
BCLIF                             00000003
BF                                00000000
BRGH                              00000002
C                                 00000000
C1INV                             00000004
C1OUT                             00000006
C2INV                             00000005
C2OUT                             00000007
CCP1CON                           00000017
CCP1IE                            00000002
CCP1IF                            00000002
CCP1M0                            00000000
CCP1M1                            00000001
CCP1M2                            00000002
CCP1M3                            00000003
CCP1X                             00000005
CCP1Y                             00000004
CCP2CON                           0000001D
CCP2IE                            00000000
CCP2IF                            00000000
CCP2M0                            00000000
CCP2M1                            00000001
CCP2M2                            00000002
CCP2M3                            00000003
CCP2X                             00000005
CCP2Y                             00000004
CCPR1                             00000015
CCPR1H                            00000016
CCPR1L                            00000015
CCPR2                             0000001B
CCPR2H                            0000001C
CCPR2L                            0000001B
CHS0                              00000003
CHS1                              00000004
CHS2                              00000005
CIS                               00000003
MPASM 5.73                          PROG.ASM   5-23-2017  23:37:01         PAGE 11


SYMBOL TABLE
  LABEL                             VALUE 

CKE                               00000006
CKP                               00000004
CM0                               00000000
CM1                               00000001
CM2                               00000002
CMCON                             0000009C
CMIE                              00000006
CMIF                              00000006
CREN                              00000004
CSRC                              00000007
CVR0                              00000000
CVR1                              00000001
CVR2                              00000002
CVR3                              00000003
CVRCON                            0000009D
CVREN                             00000007
CVROE                             00000006
CVRR                              00000005
D                                 00000005
DATA_ADDRESS                      00000005
DC                                00000001
DIS0                              000000D0
DIS1                              000000CA
DIS2                              000000C4
DIS3                              000000BE
D_A                               00000005
D_NOT_A                           00000005
Disp0                             00000027
Disp1                             00000028
Disp2                             00000029
Disp3                             0000002A
Disp_Aux                          0000002B
EEADR                             0000010D
EEADRH                            0000010F
EECON1                            0000018C
EECON2                            0000018D
EEDATA                            0000010C
EEDATH                            0000010E
EEIE                              00000004
EEIF                              00000004
EEPGD                             00000007
F                                 00000001
FERR                              00000002
FSR                               00000004
GCEN                              00000007
GIE                               00000007
GO                                00000002
GO_DONE                           00000002
GO_NOT_DONE                       00000002
I2C_DATA                          00000005
I2C_READ                          00000002
I2C_START                         00000003
I2C_STOP                          00000004
MPASM 5.73                          PROG.ASM   5-23-2017  23:37:01         PAGE 12


SYMBOL TABLE
  LABEL                             VALUE 

IBF                               00000007
IBOV                              00000005
IMPR                              000000B6
INDF                              00000000
INICIO                            00000006
INTCON                            0000000B
INTE                              00000004
INTEDG                            00000006
INTERRUPT                         00000041
INTF                              00000001
INT_EXT                           00000051
INT_RC232                         000000E7
INT_TMR                           0000006D
IRP                               00000007
MAIN                              00000027
MUESTRA_CENTENA                   000000A8
MULT_PORT                         00000005
NOT_A                             00000005
NOT_ADDRESS                       00000005
NOT_BO                            00000000
NOT_BOR                           00000000
NOT_DONE                          00000002
NOT_PD                            00000003
NOT_POR                           00000001
NOT_RBPU                          00000007
NOT_RC8                           00000006
NOT_T1SYNC                        00000002
NOT_TO                            00000004
NOT_TX8                           00000006
NOT_W                             00000002
NOT_WRITE                         00000002
NO_MUESTRA_CENTENA                0000009A
OBF                               00000006
OERR                              00000001
OPTION_REG                        00000081
P                                 00000004
PCFG0                             00000000
PCFG1                             00000001
PCFG2                             00000002
PCFG3                             00000003
PCL                               00000002
PCLATH                            0000000A
PCON                              0000008E
PEIE                              00000006
PEN                               00000002
PIE1                              0000008C
PIE2                              0000008D
PIR1                              0000000C
PIR2                              0000000D
PORTA                             00000005
PORTB                             00000006
PORTC                             00000007
PORTD                             00000008
MPASM 5.73                          PROG.ASM   5-23-2017  23:37:01         PAGE 13


SYMBOL TABLE
  LABEL                             VALUE 

PORTE                             00000009
PR2                               00000092
PS0                               00000000
PS1                               00000001
PS2                               00000002
PSA                               00000003
PSPIE                             00000007
PSPIF                             00000007
PSPMODE                           00000004
R                                 00000002
RA0                               00000000
RA1                               00000001
RA2                               00000002
RA3                               00000003
RA4                               00000004
RA5                               00000005
RB0                               00000000
RB1                               00000001
RB2                               00000002
RB3                               00000003
RB4                               00000004
RB5                               00000005
RB6                               00000006
RB7                               00000007
RBIE                              00000003
RBIF                              00000000
RC0                               00000000
RC1                               00000001
RC2                               00000002
RC3                               00000003
RC4                               00000004
RC5                               00000005
RC6                               00000006
RC7                               00000007
RC8_9                             00000006
RC9                               00000006
RCD8                              00000000
RCEN                              00000003
RCIE                              00000005
RCIF                              00000005
RCREG                             0000001A
RCSTA                             00000018
RD                                00000000
RD0                               00000000
RD1                               00000001
RD2                               00000002
RD3                               00000003
RD4                               00000004
RD5                               00000005
RD6                               00000006
RD7                               00000007
RE0                               00000000
RE1                               00000001
MPASM 5.73                          PROG.ASM   5-23-2017  23:37:01         PAGE 14


SYMBOL TABLE
  LABEL                             VALUE 

RE2                               00000002
READ_WRITE                        00000002
RET                               000000D7
RP0                               00000005
RP1                               00000006
RSEN                              00000001
RX9                               00000006
RX9D                              00000000
R_NOT_W                           00000002
R_W                               00000002
S                                 00000003
SEN                               00000000
SIG                               00000092
SMP                               00000007
SPBRG                             00000099
SPEN                              00000007
SREN                              00000005
SSPADD                            00000093
SSPBUF                            00000013
SSPCON                            00000014
SSPCON2                           00000091
SSPEN                             00000005
SSPIE                             00000003
SSPIF                             00000003
SSPM0                             00000000
SSPM1                             00000001
SSPM2                             00000002
SSPM3                             00000003
SSPOV                             00000006
SSPSTAT                           00000094
STATUS                            00000003
SYNC                              00000004
S_TMP                             00000031
T0CS                              00000005
T0IE                              00000005
T0IF                              00000002
T0SE                              00000004
T1CKPS0                           00000004
T1CKPS1                           00000005
T1CON                             00000010
T1INSYNC                          00000002
T1OSCEN                           00000003
T1SYNC                            00000002
T2CKPS0                           00000000
T2CKPS1                           00000001
T2CON                             00000012
TABLA                             000000DC
TMR0                              00000001
TMR0IE                            00000005
TMR0IF                            00000002
TMR1                              0000000E
TMR1CS                            00000001
TMR1H                             0000000F
MPASM 5.73                          PROG.ASM   5-23-2017  23:37:01         PAGE 15


SYMBOL TABLE
  LABEL                             VALUE 

TMR1IE                            00000000
TMR1IF                            00000000
TMR1L                             0000000E
TMR1ON                            00000000
TMR2                              00000011
TMR2IE                            00000001
TMR2IF                            00000001
TMR2ON                            00000002
TOUTPS0                           00000003
TOUTPS1                           00000004
TOUTPS2                           00000005
TOUTPS3                           00000006
TRISA                             00000085
TRISA0                            00000000
TRISA1                            00000001
TRISA2                            00000002
TRISA3                            00000003
TRISA4                            00000004
TRISA5                            00000005
TRISB                             00000086
TRISB0                            00000000
TRISB1                            00000001
TRISB2                            00000002
TRISB3                            00000003
TRISB4                            00000004
TRISB5                            00000005
TRISB6                            00000006
TRISB7                            00000007
TRISC                             00000087
TRISC0                            00000000
TRISC1                            00000001
TRISC2                            00000002
TRISC3                            00000003
TRISC4                            00000004
TRISC5                            00000005
TRISC6                            00000006
TRISC7                            00000007
TRISD                             00000088
TRISD0                            00000000
TRISD1                            00000001
TRISD2                            00000002
TRISD3                            00000003
TRISD4                            00000004
TRISD5                            00000005
TRISD6                            00000006
TRISD7                            00000007
TRISE                             00000089
TRISE0                            00000000
TRISE1                            00000001
TRISE2                            00000002
TRMT                              00000001
TX8_9                             00000006
TX9                               00000006
MPASM 5.73                          PROG.ASM   5-23-2017  23:37:01         PAGE 16


SYMBOL TABLE
  LABEL                             VALUE 

TX9D                              00000000
TXD8                              00000000
TXEN                              00000005
TXIE                              00000004
TXIF                              00000004
TXREG                             00000019
TXSTA                             00000098
Time0                             00000021
Time1                             00000022
Time2                             00000023
Time3                             00000024
Time4                             00000025
TimeAux                           00000026
UA                                00000001
W                                 00000000
WCOL                              00000007
WR                                00000001
WREN                              00000002
WRERR                             00000003
W_TMP                             00000030
Z                                 00000002
_.org_2_0040                      00000040
_.org_2_0055                      00000055
_.org_2_005A                      0000005A
_.org_2_005F                      0000005F
_.org_2_0064                      00000064
_.org_2_00ED                      000000ED
_.org_2_00F5                      000000F5
_.org_2_00FC                      000000FC
_BODEN_OFF                        00003FBF
_BODEN_ON                         00003FFF
_BOREN_OFF                        00003FBF
_BOREN_ON                         00003FFF
_CONFIG                           00002007
_CPD_OFF                          00003FFF
_CPD_ON                           00003EFF
_CP_ALL                           00001FFF
_CP_OFF                           00003FFF
_CP_ON                            00001FFF
_DEBUG_OFF                        00003FFF
_DEBUG_ON                         000037FF
_DEVID1                           00002006
_FOSC_EXTRC                       00003FFF
_FOSC_HS                          00003FFE
_FOSC_LP                          00003FFC
_FOSC_XT                          00003FFD
_HS_OSC                           00003FFE
_IDLOC0                           00002000
_IDLOC1                           00002001
_IDLOC2                           00002002
_IDLOC3                           00002003
_LP_OSC                           00003FFC
_LVP_OFF                          00003F7F
MPASM 5.73                          PROG.ASM   5-23-2017  23:37:01         PAGE 17


SYMBOL TABLE
  LABEL                             VALUE 

_LVP_ON                           00003FFF
_PWRTE_OFF                        00003FFF
_PWRTE_ON                         00003FF7
_RC_OSC                           00003FFF
_WDTE_OFF                         00003FFB
_WDTE_ON                          00003FFF
_WDT_OFF                          00003FFB
_WDT_ON                           00003FFF
_WRT_1FOURTH                      00003BFF
_WRT_256                          00003DFF
_WRT_HALF                         000039FF
_WRT_OFF                          00003FFF
_XT_OSC                           00003FFD
__16F877A                         00000001
cont_flag                         00000032

Errors   :     0
Warnings :    19 reported,     0 suppressed
Messages :    16 reported,     0 suppressed

